[2025-06-06T21:44:39.030925+02:00] app.DEBUG: Test: debug message [] {"ip":"CLI","user_agent":"CLI","file":"C:\\xampp\\htdocs\\EchoAPI\\core\\Scripts\\log-test.php","line":20,"class":null,"callType":null,"function":null,"uid":"0e95acd"}
[2025-06-06T21:44:39.032626+02:00] app.INFO: Test: info message [] {"ip":"CLI","user_agent":"CLI","file":"C:\\xampp\\htdocs\\EchoAPI\\core\\Scripts\\log-test.php","line":21,"class":null,"callType":null,"function":null,"uid":"0e95acd"}
[2025-06-06T21:44:39.032681+02:00] app.NOTICE: Test: notice message [] {"ip":"CLI","user_agent":"CLI","file":"C:\\xampp\\htdocs\\EchoAPI\\core\\Scripts\\log-test.php","line":22,"class":null,"callType":null,"function":null,"uid":"0e95acd"}
[2025-06-06T21:44:39.032716+02:00] app.WARNING: Test: security warning [] {"ip":"CLI","user_agent":"CLI","file":"C:\\xampp\\htdocs\\EchoAPI\\core\\Scripts\\log-test.php","line":23,"class":null,"callType":null,"function":null,"uid":"0e95acd"}
[2025-06-06T21:44:39.033035+02:00] app.ERROR: Test: error message [] {"ip":"CLI","user_agent":"CLI","file":"C:\\xampp\\htdocs\\EchoAPI\\core\\Scripts\\log-test.php","line":24,"class":null,"callType":null,"function":null,"uid":"0e95acd"}
[2025-06-06T21:44:39.033324+02:00] app.CRITICAL: Test: critical failure [] {"ip":"CLI","user_agent":"CLI","file":"C:\\xampp\\htdocs\\EchoAPI\\core\\Scripts\\log-test.php","line":25,"class":null,"callType":null,"function":null,"uid":"0e95acd"}
[2025-06-06T21:50:19.288916+02:00] app.DEBUG: Test: debug message [] {"ip":"CLI","user_agent":"CLI","file":"C:\\xampp\\htdocs\\EchoAPI\\core\\Scripts\\log-test.php","line":20,"class":null,"callType":null,"function":null,"uid":"69cfd62"}
[2025-06-06T21:50:19.290727+02:00] app.INFO: Test: info message [] {"ip":"CLI","user_agent":"CLI","file":"C:\\xampp\\htdocs\\EchoAPI\\core\\Scripts\\log-test.php","line":21,"class":null,"callType":null,"function":null,"uid":"69cfd62"}
[2025-06-06T21:50:19.290782+02:00] app.NOTICE: Test: notice message [] {"ip":"CLI","user_agent":"CLI","file":"C:\\xampp\\htdocs\\EchoAPI\\core\\Scripts\\log-test.php","line":22,"class":null,"callType":null,"function":null,"uid":"69cfd62"}
[2025-06-06T21:50:19.290814+02:00] app.WARNING: Test: security warning [] {"ip":"CLI","user_agent":"CLI","file":"C:\\xampp\\htdocs\\EchoAPI\\core\\Scripts\\log-test.php","line":23,"class":null,"callType":null,"function":null,"uid":"69cfd62"}
[2025-06-06T21:50:19.291098+02:00] app.ERROR: Test: error message [] {"ip":"CLI","user_agent":"CLI","file":"C:\\xampp\\htdocs\\EchoAPI\\core\\Scripts\\log-test.php","line":24,"class":null,"callType":null,"function":null,"uid":"69cfd62"}
[2025-06-06T21:50:19.291380+02:00] app.CRITICAL: Test: critical failure [] {"ip":"CLI","user_agent":"CLI","file":"C:\\xampp\\htdocs\\EchoAPI\\core\\Scripts\\log-test.php","line":25,"class":null,"callType":null,"function":null,"uid":"69cfd62"}
[2025-06-06T22:21:33.088511+02:00] app.DEBUG: Test: debug message [] {"ip":"CLI","user_agent":"CLI","file":"C:\\xampp\\htdocs\\EchoAPI\\core\\Scripts\\log-test.php","line":20,"class":null,"callType":null,"function":null,"uid":"01c643d"}
[2025-06-06T22:21:33.092411+02:00] app.INFO: Test: info message [] {"ip":"CLI","user_agent":"CLI","file":"C:\\xampp\\htdocs\\EchoAPI\\core\\Scripts\\log-test.php","line":21,"class":null,"callType":null,"function":null,"uid":"01c643d"}
[2025-06-06T22:21:33.092488+02:00] app.NOTICE: Test: notice message [] {"ip":"CLI","user_agent":"CLI","file":"C:\\xampp\\htdocs\\EchoAPI\\core\\Scripts\\log-test.php","line":22,"class":null,"callType":null,"function":null,"uid":"01c643d"}
[2025-06-06T22:21:33.092528+02:00] app.WARNING: Test: security warning [] {"ip":"CLI","user_agent":"CLI","file":"C:\\xampp\\htdocs\\EchoAPI\\core\\Scripts\\log-test.php","line":23,"class":null,"callType":null,"function":null,"uid":"01c643d"}
[2025-06-06T22:21:33.093059+02:00] app.ERROR: Test: error message [] {"ip":"CLI","user_agent":"CLI","file":"C:\\xampp\\htdocs\\EchoAPI\\core\\Scripts\\log-test.php","line":24,"class":null,"callType":null,"function":null,"uid":"01c643d"}
[2025-06-06T22:21:33.093568+02:00] app.CRITICAL: Test: critical failure [] {"ip":"CLI","user_agent":"CLI","file":"C:\\xampp\\htdocs\\EchoAPI\\core\\Scripts\\log-test.php","line":25,"class":null,"callType":null,"function":null,"uid":"01c643d"}
[2025-06-06T22:24:23.158199+02:00] app.DEBUG: Test: debug message [] {"ip":"CLI","user_agent":"CLI","file":"C:\\xampp\\htdocs\\EchoAPI\\core\\Scripts\\log-test.php","line":20,"class":null,"callType":null,"function":null,"uid":"f006aa3"}
[2025-06-06T22:24:23.161097+02:00] app.INFO: Test: info message [] {"ip":"CLI","user_agent":"CLI","file":"C:\\xampp\\htdocs\\EchoAPI\\core\\Scripts\\log-test.php","line":21,"class":null,"callType":null,"function":null,"uid":"f006aa3"}
[2025-06-06T22:24:23.161164+02:00] app.NOTICE: Test: notice message [] {"ip":"CLI","user_agent":"CLI","file":"C:\\xampp\\htdocs\\EchoAPI\\core\\Scripts\\log-test.php","line":22,"class":null,"callType":null,"function":null,"uid":"f006aa3"}
[2025-06-06T22:24:23.161198+02:00] app.WARNING: Test: security warning [] {"ip":"CLI","user_agent":"CLI","file":"C:\\xampp\\htdocs\\EchoAPI\\core\\Scripts\\log-test.php","line":23,"class":null,"callType":null,"function":null,"uid":"f006aa3"}
[2025-06-06T22:24:23.161506+02:00] app.ERROR: Test: error message [] {"ip":"CLI","user_agent":"CLI","file":"C:\\xampp\\htdocs\\EchoAPI\\core\\Scripts\\log-test.php","line":24,"class":null,"callType":null,"function":null,"uid":"f006aa3"}
[2025-06-06T22:24:23.161805+02:00] app.CRITICAL: Test: critical failure [] {"ip":"CLI","user_agent":"CLI","file":"C:\\xampp\\htdocs\\EchoAPI\\core\\Scripts\\log-test.php","line":25,"class":null,"callType":null,"function":null,"uid":"f006aa3"}
[2025-06-06T22:26:10.705163+02:00] app.DEBUG: Test: debug message [] {"ip":"CLI","user_agent":"CLI","file":"C:\\xampp\\htdocs\\EchoAPI\\core\\Scripts\\log-test.php","line":20,"class":null,"callType":null,"function":null,"uid":"54e7e95"}
[2025-06-06T22:26:10.706910+02:00] app.INFO: Test: info message [] {"ip":"CLI","user_agent":"CLI","file":"C:\\xampp\\htdocs\\EchoAPI\\core\\Scripts\\log-test.php","line":21,"class":null,"callType":null,"function":null,"uid":"54e7e95"}
[2025-06-06T22:26:10.706969+02:00] app.NOTICE: Test: notice message [] {"ip":"CLI","user_agent":"CLI","file":"C:\\xampp\\htdocs\\EchoAPI\\core\\Scripts\\log-test.php","line":22,"class":null,"callType":null,"function":null,"uid":"54e7e95"}
[2025-06-06T22:26:10.707003+02:00] app.WARNING: Test: security warning [] {"ip":"CLI","user_agent":"CLI","file":"C:\\xampp\\htdocs\\EchoAPI\\core\\Scripts\\log-test.php","line":23,"class":null,"callType":null,"function":null,"uid":"54e7e95"}
[2025-06-06T22:26:10.707305+02:00] app.ERROR: Test: error message [] {"ip":"CLI","user_agent":"CLI","file":"C:\\xampp\\htdocs\\EchoAPI\\core\\Scripts\\log-test.php","line":24,"class":null,"callType":null,"function":null,"uid":"54e7e95"}
[2025-06-06T22:26:10.707604+02:00] app.CRITICAL: Test: critical failure [] {"ip":"CLI","user_agent":"CLI","file":"C:\\xampp\\htdocs\\EchoAPI\\core\\Scripts\\log-test.php","line":25,"class":null,"callType":null,"function":null,"uid":"54e7e95"}
[2025-06-06T22:27:44.981230+02:00] app.DEBUG: Test: debug message [] {"ip":"CLI","user_agent":"CLI","file":"C:\\xampp\\htdocs\\EchoAPI\\core\\Scripts\\log-test.php","line":20,"class":null,"callType":null,"function":null,"uid":"7129a66"}
[2025-06-06T22:27:44.983091+02:00] app.INFO: Test: info message [] {"ip":"CLI","user_agent":"CLI","file":"C:\\xampp\\htdocs\\EchoAPI\\core\\Scripts\\log-test.php","line":21,"class":null,"callType":null,"function":null,"uid":"7129a66"}
[2025-06-06T22:27:44.983150+02:00] app.NOTICE: Test: notice message [] {"ip":"CLI","user_agent":"CLI","file":"C:\\xampp\\htdocs\\EchoAPI\\core\\Scripts\\log-test.php","line":22,"class":null,"callType":null,"function":null,"uid":"7129a66"}
[2025-06-06T22:27:44.983184+02:00] app.WARNING: Test: security warning [] {"ip":"CLI","user_agent":"CLI","file":"C:\\xampp\\htdocs\\EchoAPI\\core\\Scripts\\log-test.php","line":23,"class":null,"callType":null,"function":null,"uid":"7129a66"}
[2025-06-06T22:27:44.983484+02:00] app.ERROR: Test: error message [] {"ip":"CLI","user_agent":"CLI","file":"C:\\xampp\\htdocs\\EchoAPI\\core\\Scripts\\log-test.php","line":24,"class":null,"callType":null,"function":null,"uid":"7129a66"}
[2025-06-06T22:27:44.983833+02:00] app.CRITICAL: Test: critical failure [] {"ip":"CLI","user_agent":"CLI","file":"C:\\xampp\\htdocs\\EchoAPI\\core\\Scripts\\log-test.php","line":25,"class":null,"callType":null,"function":null,"uid":"7129a66"}
[2025-06-06T22:28:15.794830+02:00] app.DEBUG: Test: debug message [] {"ip":"CLI","user_agent":"CLI","file":"C:\\xampp\\htdocs\\EchoAPI\\core\\Scripts\\log-test.php","line":20,"class":null,"callType":null,"function":null,"uid":"028f46a"}
[2025-06-06T22:28:15.796862+02:00] app.INFO: Test: info message [] {"ip":"CLI","user_agent":"CLI","file":"C:\\xampp\\htdocs\\EchoAPI\\core\\Scripts\\log-test.php","line":21,"class":null,"callType":null,"function":null,"uid":"028f46a"}
[2025-06-06T22:28:15.796925+02:00] app.NOTICE: Test: notice message [] {"ip":"CLI","user_agent":"CLI","file":"C:\\xampp\\htdocs\\EchoAPI\\core\\Scripts\\log-test.php","line":22,"class":null,"callType":null,"function":null,"uid":"028f46a"}
[2025-06-06T22:28:15.796958+02:00] app.WARNING: Test: security warning [] {"ip":"CLI","user_agent":"CLI","file":"C:\\xampp\\htdocs\\EchoAPI\\core\\Scripts\\log-test.php","line":23,"class":null,"callType":null,"function":null,"uid":"028f46a"}
[2025-06-06T22:28:15.797273+02:00] app.ERROR: Test: error message [] {"ip":"CLI","user_agent":"CLI","file":"C:\\xampp\\htdocs\\EchoAPI\\core\\Scripts\\log-test.php","line":24,"class":null,"callType":null,"function":null,"uid":"028f46a"}
[2025-06-06T22:28:15.797578+02:00] app.CRITICAL: Test: critical failure [] {"ip":"CLI","user_agent":"CLI","file":"C:\\xampp\\htdocs\\EchoAPI\\core\\Scripts\\log-test.php","line":25,"class":null,"callType":null,"function":null,"uid":"028f46a"}
[2025-06-06T22:35:06.605065+02:00] app.DEBUG: Test: debug message [] {"ip":"CLI","user_agent":"CLI","file":"C:\\xampp\\htdocs\\EchoAPI\\core\\Scripts\\log-test.php","line":20,"class":null,"callType":null,"function":null,"uid":"dad7f56"}
[2025-06-06T22:35:06.608855+02:00] app.INFO: Test: info message [] {"ip":"CLI","user_agent":"CLI","file":"C:\\xampp\\htdocs\\EchoAPI\\core\\Scripts\\log-test.php","line":21,"class":null,"callType":null,"function":null,"uid":"dad7f56"}
[2025-06-06T22:35:06.608928+02:00] app.NOTICE: Test: notice message [] {"ip":"CLI","user_agent":"CLI","file":"C:\\xampp\\htdocs\\EchoAPI\\core\\Scripts\\log-test.php","line":22,"class":null,"callType":null,"function":null,"uid":"dad7f56"}
[2025-06-06T22:35:06.608958+02:00] app.WARNING: Test: security warning [] {"ip":"CLI","user_agent":"CLI","file":"C:\\xampp\\htdocs\\EchoAPI\\core\\Scripts\\log-test.php","line":23,"class":null,"callType":null,"function":null,"uid":"dad7f56"}
[2025-06-06T22:35:06.609614+02:00] app.ERROR: Test: error message [] {"ip":"CLI","user_agent":"CLI","file":"C:\\xampp\\htdocs\\EchoAPI\\core\\Scripts\\log-test.php","line":24,"class":null,"callType":null,"function":null,"uid":"dad7f56"}
[2025-06-06T22:35:06.610262+02:00] app.CRITICAL: Test: critical failure [] {"ip":"CLI","user_agent":"CLI","file":"C:\\xampp\\htdocs\\EchoAPI\\core\\Scripts\\log-test.php","line":25,"class":null,"callType":null,"function":null,"uid":"dad7f56"}
[2025-06-06T22:36:52.369089+02:00] app.DEBUG: Test: debug message [] {"ip":"CLI","user_agent":"CLI","file":"C:\\xampp\\htdocs\\EchoAPI\\core\\Scripts\\log-test.php","line":20,"class":null,"callType":null,"function":null,"uid":"fb2b4b7"}
[2025-06-06T22:36:52.371549+02:00] app.INFO: Test: info message [] {"ip":"CLI","user_agent":"CLI","file":"C:\\xampp\\htdocs\\EchoAPI\\core\\Scripts\\log-test.php","line":21,"class":null,"callType":null,"function":null,"uid":"fb2b4b7"}
[2025-06-06T22:36:52.371726+02:00] app.NOTICE: Test: notice message [] {"ip":"CLI","user_agent":"CLI","file":"C:\\xampp\\htdocs\\EchoAPI\\core\\Scripts\\log-test.php","line":22,"class":null,"callType":null,"function":null,"uid":"fb2b4b7"}
[2025-06-06T22:36:52.371848+02:00] app.WARNING: Test: security warning [] {"ip":"CLI","user_agent":"CLI","file":"C:\\xampp\\htdocs\\EchoAPI\\core\\Scripts\\log-test.php","line":23,"class":null,"callType":null,"function":null,"uid":"fb2b4b7"}
[2025-06-06T22:36:52.372300+02:00] app.ERROR: Test: error message [] {"ip":"CLI","user_agent":"CLI","file":"C:\\xampp\\htdocs\\EchoAPI\\core\\Scripts\\log-test.php","line":24,"class":null,"callType":null,"function":null,"uid":"fb2b4b7"}
[2025-06-06T22:36:52.372572+02:00] app.CRITICAL: Test: critical failure [] {"ip":"CLI","user_agent":"CLI","file":"C:\\xampp\\htdocs\\EchoAPI\\core\\Scripts\\log-test.php","line":25,"class":null,"callType":null,"function":null,"uid":"fb2b4b7"}
[2025-06-06T22:43:44.832351+02:00] app.DEBUG: Test: debug message [] {"ip":"CLI","user_agent":"CLI","file":"C:\\xampp\\htdocs\\EchoAPI\\core\\Scripts\\log-test.php","line":20,"class":null,"callType":null,"function":null,"uid":"4205e50"}
[2025-06-06T22:43:44.835238+02:00] app.INFO: Test: info message [] {"ip":"CLI","user_agent":"CLI","file":"C:\\xampp\\htdocs\\EchoAPI\\core\\Scripts\\log-test.php","line":21,"class":null,"callType":null,"function":null,"uid":"4205e50"}
[2025-06-06T22:43:44.835289+02:00] app.NOTICE: Test: notice message [] {"ip":"CLI","user_agent":"CLI","file":"C:\\xampp\\htdocs\\EchoAPI\\core\\Scripts\\log-test.php","line":22,"class":null,"callType":null,"function":null,"uid":"4205e50"}
[2025-06-06T22:43:44.835316+02:00] app.WARNING: Test: security warning [] {"ip":"CLI","user_agent":"CLI","file":"C:\\xampp\\htdocs\\EchoAPI\\core\\Scripts\\log-test.php","line":23,"class":null,"callType":null,"function":null,"uid":"4205e50"}
[2025-06-06T22:43:44.835710+02:00] app.ERROR: Test: error message [] {"ip":"CLI","user_agent":"CLI","file":"C:\\xampp\\htdocs\\EchoAPI\\core\\Scripts\\log-test.php","line":24,"class":null,"callType":null,"function":null,"uid":"4205e50"}
[2025-06-06T22:43:44.836198+02:00] app.CRITICAL: Test: critical failure [] {"ip":"CLI","user_agent":"CLI","file":"C:\\xampp\\htdocs\\EchoAPI\\core\\Scripts\\log-test.php","line":25,"class":null,"callType":null,"function":null,"uid":"4205e50"}
[2025-06-06T22:46:02.078104+02:00] app.DEBUG: Test: debug message [] {"ip":"CLI","user_agent":"CLI","file":"C:\\xampp\\htdocs\\EchoAPI\\core\\Scripts\\log-test.php","line":20,"class":null,"callType":null,"function":null,"uid":"5d78025"}
[2025-06-06T22:46:02.079582+02:00] app.INFO: Test: info message [] {"ip":"CLI","user_agent":"CLI","file":"C:\\xampp\\htdocs\\EchoAPI\\core\\Scripts\\log-test.php","line":21,"class":null,"callType":null,"function":null,"uid":"5d78025"}
[2025-06-06T22:46:02.079630+02:00] app.NOTICE: Test: notice message [] {"ip":"CLI","user_agent":"CLI","file":"C:\\xampp\\htdocs\\EchoAPI\\core\\Scripts\\log-test.php","line":22,"class":null,"callType":null,"function":null,"uid":"5d78025"}
[2025-06-06T22:46:02.079657+02:00] app.WARNING: Test: security warning [] {"ip":"CLI","user_agent":"CLI","file":"C:\\xampp\\htdocs\\EchoAPI\\core\\Scripts\\log-test.php","line":23,"class":null,"callType":null,"function":null,"uid":"5d78025"}
[2025-06-06T22:46:02.079921+02:00] app.ERROR: Test: error message [] {"ip":"CLI","user_agent":"CLI","file":"C:\\xampp\\htdocs\\EchoAPI\\core\\Scripts\\log-test.php","line":24,"class":null,"callType":null,"function":null,"uid":"5d78025"}
[2025-06-06T22:46:02.080183+02:00] app.CRITICAL: Test: critical failure [] {"ip":"CLI","user_agent":"CLI","file":"C:\\xampp\\htdocs\\EchoAPI\\core\\Scripts\\log-test.php","line":25,"class":null,"callType":null,"function":null,"uid":"5d78025"}
[2025-06-06T22:52:44.752209+02:00] app.DEBUG: Test: debug message [] {"ip":"CLI","user_agent":"CLI","file":"C:\\xampp\\htdocs\\EchoAPI\\core\\Scripts\\log-test.php","line":20,"class":null,"callType":null,"function":null,"uid":"a9327bd"}
[2025-06-06T22:52:44.756422+02:00] app.INFO: Test: info message [] {"ip":"CLI","user_agent":"CLI","file":"C:\\xampp\\htdocs\\EchoAPI\\core\\Scripts\\log-test.php","line":21,"class":null,"callType":null,"function":null,"uid":"a9327bd"}
[2025-06-06T22:52:44.756737+02:00] app.NOTICE: Test: notice message [] {"ip":"CLI","user_agent":"CLI","file":"C:\\xampp\\htdocs\\EchoAPI\\core\\Scripts\\log-test.php","line":22,"class":null,"callType":null,"function":null,"uid":"a9327bd"}
[2025-06-06T22:52:44.757021+02:00] app.WARNING: Test: security warning [] {"ip":"CLI","user_agent":"CLI","file":"C:\\xampp\\htdocs\\EchoAPI\\core\\Scripts\\log-test.php","line":23,"class":null,"callType":null,"function":null,"uid":"a9327bd"}
[2025-06-06T22:52:44.757538+02:00] app.ERROR: Test: error message [] {"ip":"CLI","user_agent":"CLI","file":"C:\\xampp\\htdocs\\EchoAPI\\core\\Scripts\\log-test.php","line":24,"class":null,"callType":null,"function":null,"uid":"a9327bd"}
[2025-06-06T22:52:44.758193+02:00] app.CRITICAL: Test: critical failure [] {"ip":"CLI","user_agent":"CLI","file":"C:\\xampp\\htdocs\\EchoAPI\\core\\Scripts\\log-test.php","line":25,"class":null,"callType":null,"function":null,"uid":"a9327bd"}
[2025-06-06T22:54:18.367849+02:00] app.DEBUG: Test: debug message [] {"ip":"CLI","user_agent":"CLI","file":"C:\\xampp\\htdocs\\EchoAPI\\core\\Scripts\\log-test.php","line":20,"class":null,"callType":null,"function":null,"uid":"0f3b128"}
[2025-06-06T22:54:18.369264+02:00] app.INFO: Test: info message [] {"ip":"CLI","user_agent":"CLI","file":"C:\\xampp\\htdocs\\EchoAPI\\core\\Scripts\\log-test.php","line":21,"class":null,"callType":null,"function":null,"uid":"0f3b128"}
[2025-06-06T22:54:18.369328+02:00] app.NOTICE: Test: notice message [] {"ip":"CLI","user_agent":"CLI","file":"C:\\xampp\\htdocs\\EchoAPI\\core\\Scripts\\log-test.php","line":22,"class":null,"callType":null,"function":null,"uid":"0f3b128"}
[2025-06-06T22:54:18.369358+02:00] app.WARNING: Test: security warning [] {"ip":"CLI","user_agent":"CLI","file":"C:\\xampp\\htdocs\\EchoAPI\\core\\Scripts\\log-test.php","line":23,"class":null,"callType":null,"function":null,"uid":"0f3b128"}
[2025-06-06T22:54:18.369608+02:00] app.ERROR: Test: error message [] {"ip":"CLI","user_agent":"CLI","file":"C:\\xampp\\htdocs\\EchoAPI\\core\\Scripts\\log-test.php","line":24,"class":null,"callType":null,"function":null,"uid":"0f3b128"}
[2025-06-06T22:54:18.369838+02:00] app.CRITICAL: Test: critical failure [] {"ip":"CLI","user_agent":"CLI","file":"C:\\xampp\\htdocs\\EchoAPI\\core\\Scripts\\log-test.php","line":25,"class":null,"callType":null,"function":null,"uid":"0f3b128"}
[2025-06-06T22:58:53.749805+02:00] app.DEBUG: Test: debug message [] {"ip":"CLI","user_agent":"CLI","file":"C:\\xampp\\htdocs\\EchoAPI\\core\\Scripts\\log-test.php","line":20,"class":null,"callType":null,"function":null,"uid":"c339e82"}
[2025-06-06T22:58:53.751382+02:00] app.INFO: Test: info message [] {"ip":"CLI","user_agent":"CLI","file":"C:\\xampp\\htdocs\\EchoAPI\\core\\Scripts\\log-test.php","line":21,"class":null,"callType":null,"function":null,"uid":"c339e82"}
[2025-06-06T22:58:53.751432+02:00] app.NOTICE: Test: notice message [] {"ip":"CLI","user_agent":"CLI","file":"C:\\xampp\\htdocs\\EchoAPI\\core\\Scripts\\log-test.php","line":22,"class":null,"callType":null,"function":null,"uid":"c339e82"}
[2025-06-06T22:58:53.751460+02:00] app.WARNING: Test: security warning [] {"ip":"CLI","user_agent":"CLI","file":"C:\\xampp\\htdocs\\EchoAPI\\core\\Scripts\\log-test.php","line":23,"class":null,"callType":null,"function":null,"uid":"c339e82"}
[2025-06-06T22:58:53.751728+02:00] app.ERROR: Test: error message [] {"ip":"CLI","user_agent":"CLI","file":"C:\\xampp\\htdocs\\EchoAPI\\core\\Scripts\\log-test.php","line":24,"class":null,"callType":null,"function":null,"uid":"c339e82"}
[2025-06-06T22:58:53.751990+02:00] app.CRITICAL: Test: critical failure [] {"ip":"CLI","user_agent":"CLI","file":"C:\\xampp\\htdocs\\EchoAPI\\core\\Scripts\\log-test.php","line":25,"class":null,"callType":null,"function":null,"uid":"c339e82"}
